<?xml version="1.0" encoding="UTF-8"?>
<testsuite xmlns:xsi="http://www.w3.org/2001/XMLSchema-instance" xsi:noNamespaceSchemaLocation="https://maven.apache.org/surefire/maven-surefire-plugin/xsd/surefire-test-report.xsd" name="com.example.GithubActionGuideApplicationTests" time="1.57" tests="1" errors="0" skipped="0" failures="0">
  <properties>
    <property name="sun.desktop" value="windows"/>
    <property name="awt.toolkit" value="sun.awt.windows.WToolkit"/>
    <property name="file.encoding.pkg" value="sun.io"/>
    <property name="java.specification.version" value="1.8"/>
    <property name="sun.cpu.isalist" value="amd64"/>
    <property name="sun.jnu.encoding" value="GBK"/>
    <property name="java.class.path" value="D:\.projectspace\.nepxionCloud\GithubActionSimple\target\test-classes;D:\.projectspace\.nepxionCloud\GithubActionSimple\target\classes;D:\.dev\.mvnrepo\org\springframework\boot\spring-boot-starter-web\2.5.2\spring-boot-starter-web-2.5.2.jar;D:\.dev\.mvnrepo\org\springframework\boot\spring-boot-starter\2.5.2\spring-boot-starter-2.5.2.jar;D:\.dev\.mvnrepo\org\springframework\boot\spring-boot\2.5.2\spring-boot-2.5.2.jar;D:\.dev\.mvnrepo\org\springframework\boot\spring-boot-autoconfigure\2.5.2\spring-boot-autoconfigure-2.5.2.jar;D:\.dev\.mvnrepo\org\springframework\boot\spring-boot-starter-logging\2.5.2\spring-boot-starter-logging-2.5.2.jar;D:\.dev\.mvnrepo\ch\qos\logback\logback-classic\1.2.3\logback-classic-1.2.3.jar;D:\.dev\.mvnrepo\ch\qos\logback\logback-core\1.2.3\logback-core-1.2.3.jar;D:\.dev\.mvnrepo\org\apache\logging\log4j\log4j-to-slf4j\2.14.1\log4j-to-slf4j-2.14.1.jar;D:\.dev\.mvnrepo\org\apache\logging\log4j\log4j-api\2.14.1\log4j-api-2.14.1.jar;D:\.dev\.mvnrepo\org\slf4j\jul-to-slf4j\1.7.31\jul-to-slf4j-1.7.31.jar;D:\.dev\.mvnrepo\jakarta\annotation\jakarta.annotation-api\1.3.5\jakarta.annotation-api-1.3.5.jar;D:\.dev\.mvnrepo\org\yaml\snakeyaml\1.28\snakeyaml-1.28.jar;D:\.dev\.mvnrepo\org\springframework\boot\spring-boot-starter-json\2.5.2\spring-boot-starter-json-2.5.2.jar;D:\.dev\.mvnrepo\com\fasterxml\jackson\core\jackson-databind\2.12.3\jackson-databind-2.12.3.jar;D:\.dev\.mvnrepo\com\fasterxml\jackson\core\jackson-annotations\2.12.3\jackson-annotations-2.12.3.jar;D:\.dev\.mvnrepo\com\fasterxml\jackson\core\jackson-core\2.12.3\jackson-core-2.12.3.jar;D:\.dev\.mvnrepo\com\fasterxml\jackson\datatype\jackson-datatype-jdk8\2.12.3\jackson-datatype-jdk8-2.12.3.jar;D:\.dev\.mvnrepo\com\fasterxml\jackson\datatype\jackson-datatype-jsr310\2.12.3\jackson-datatype-jsr310-2.12.3.jar;D:\.dev\.mvnrepo\com\fasterxml\jackson\module\jackson-module-parameter-names\2.12.3\jackson-module-parameter-names-2.12.3.jar;D:\.dev\.mvnrepo\org\springframework\boot\spring-boot-starter-tomcat\2.5.2\spring-boot-starter-tomcat-2.5.2.jar;D:\.dev\.mvnrepo\org\apache\tomcat\embed\tomcat-embed-core\9.0.48\tomcat-embed-core-9.0.48.jar;D:\.dev\.mvnrepo\org\apache\tomcat\embed\tomcat-embed-el\9.0.48\tomcat-embed-el-9.0.48.jar;D:\.dev\.mvnrepo\org\apache\tomcat\embed\tomcat-embed-websocket\9.0.48\tomcat-embed-websocket-9.0.48.jar;D:\.dev\.mvnrepo\org\springframework\spring-web\5.3.8\spring-web-5.3.8.jar;D:\.dev\.mvnrepo\org\springframework\spring-beans\5.3.8\spring-beans-5.3.8.jar;D:\.dev\.mvnrepo\org\springframework\spring-webmvc\5.3.8\spring-webmvc-5.3.8.jar;D:\.dev\.mvnrepo\org\springframework\spring-aop\5.3.8\spring-aop-5.3.8.jar;D:\.dev\.mvnrepo\org\springframework\spring-context\5.3.8\spring-context-5.3.8.jar;D:\.dev\.mvnrepo\org\springframework\spring-expression\5.3.8\spring-expression-5.3.8.jar;D:\.dev\.mvnrepo\org\projectlombok\lombok\1.18.20\lombok-1.18.20.jar;D:\.dev\.mvnrepo\org\springframework\boot\spring-boot-starter-test\2.5.2\spring-boot-starter-test-2.5.2.jar;D:\.dev\.mvnrepo\org\springframework\boot\spring-boot-test\2.5.2\spring-boot-test-2.5.2.jar;D:\.dev\.mvnrepo\org\springframework\boot\spring-boot-test-autoconfigure\2.5.2\spring-boot-test-autoconfigure-2.5.2.jar;D:\.dev\.mvnrepo\com\jayway\jsonpath\json-path\2.5.0\json-path-2.5.0.jar;D:\.dev\.mvnrepo\net\minidev\json-smart\2.4.7\json-smart-2.4.7.jar;D:\.dev\.mvnrepo\net\minidev\accessors-smart\2.4.7\accessors-smart-2.4.7.jar;D:\.dev\.mvnrepo\org\ow2\asm\asm\9.1\asm-9.1.jar;D:\.dev\.mvnrepo\org\slf4j\slf4j-api\1.7.31\slf4j-api-1.7.31.jar;D:\.dev\.mvnrepo\jakarta\xml\bind\jakarta.xml.bind-api\2.3.3\jakarta.xml.bind-api-2.3.3.jar;D:\.dev\.mvnrepo\jakarta\activation\jakarta.activation-api\1.2.2\jakarta.activation-api-1.2.2.jar;D:\.dev\.mvnrepo\org\assertj\assertj-core\3.19.0\assertj-core-3.19.0.jar;D:\.dev\.mvnrepo\org\hamcrest\hamcrest\2.2\hamcrest-2.2.jar;D:\.dev\.mvnrepo\org\junit\jupiter\junit-jupiter\5.7.2\junit-jupiter-5.7.2.jar;D:\.dev\.mvnrepo\org\junit\jupiter\junit-jupiter-api\5.7.2\junit-jupiter-api-5.7.2.jar;D:\.dev\.mvnrepo\org\apiguardian\apiguardian-api\1.1.0\apiguardian-api-1.1.0.jar;D:\.dev\.mvnrepo\org\opentest4j\opentest4j\1.2.0\opentest4j-1.2.0.jar;D:\.dev\.mvnrepo\org\junit\platform\junit-platform-commons\1.7.2\junit-platform-commons-1.7.2.jar;D:\.dev\.mvnrepo\org\junit\jupiter\junit-jupiter-params\5.7.2\junit-jupiter-params-5.7.2.jar;D:\.dev\.mvnrepo\org\junit\jupiter\junit-jupiter-engine\5.7.2\junit-jupiter-engine-5.7.2.jar;D:\.dev\.mvnrepo\org\junit\platform\junit-platform-engine\1.7.2\junit-platform-engine-1.7.2.jar;D:\.dev\.mvnrepo\org\mockito\mockito-core\3.9.0\mockito-core-3.9.0.jar;D:\.dev\.mvnrepo\net\bytebuddy\byte-buddy\1.10.22\byte-buddy-1.10.22.jar;D:\.dev\.mvnrepo\net\bytebuddy\byte-buddy-agent\1.10.22\byte-buddy-agent-1.10.22.jar;D:\.dev\.mvnrepo\org\objenesis\objenesis\3.2\objenesis-3.2.jar;D:\.dev\.mvnrepo\org\mockito\mockito-junit-jupiter\3.9.0\mockito-junit-jupiter-3.9.0.jar;D:\.dev\.mvnrepo\org\skyscreamer\jsonassert\1.5.0\jsonassert-1.5.0.jar;D:\.dev\.mvnrepo\com\vaadin\external\google\android-json\0.0.20131108.vaadin1\android-json-0.0.20131108.vaadin1.jar;D:\.dev\.mvnrepo\org\springframework\spring-core\5.3.8\spring-core-5.3.8.jar;D:\.dev\.mvnrepo\org\springframework\spring-jcl\5.3.8\spring-jcl-5.3.8.jar;D:\.dev\.mvnrepo\org\springframework\spring-test\5.3.8\spring-test-5.3.8.jar;D:\.dev\.mvnrepo\org\xmlunit\xmlunit-core\2.8.2\xmlunit-core-2.8.2.jar;"/>
    <property name="java.vm.vendor" value="Azul Systems, Inc."/>
    <property name="sun.arch.data.model" value="64"/>
    <property name="user.variant" value=""/>
    <property name="java.vendor.url" value="http://www.azulsystems.com/"/>
    <property name="user.timezone" value="Asia/Shanghai"/>
    <property name="java.vm.specification.version" value="1.8"/>
    <property name="os.name" value="Windows 10"/>
    <property name="user.country" value="CN"/>
    <property name="sun.java.launcher" value="SUN_STANDARD"/>
    <property name="sun.boot.library.path" value="D:\.dev\jdk8.0.292\jre\bin"/>
    <property name="sun.java.command" value="C:\Users\lenovo\AppData\Local\Temp\surefire8768722376005242678\surefirebooter9200836565867475556.jar C:\Users\lenovo\AppData\Local\Temp\surefire8768722376005242678 2021-07-16T21-50-22_500-jvmRun1 surefire4093447147952122954tmp surefire_06472426921880356672tmp"/>
    <property name="surefire.test.class.path" value="D:\.projectspace\.nepxionCloud\GithubActionSimple\target\test-classes;D:\.projectspace\.nepxionCloud\GithubActionSimple\target\classes;D:\.dev\.mvnrepo\org\springframework\boot\spring-boot-starter-web\2.5.2\spring-boot-starter-web-2.5.2.jar;D:\.dev\.mvnrepo\org\springframework\boot\spring-boot-starter\2.5.2\spring-boot-starter-2.5.2.jar;D:\.dev\.mvnrepo\org\springframework\boot\spring-boot\2.5.2\spring-boot-2.5.2.jar;D:\.dev\.mvnrepo\org\springframework\boot\spring-boot-autoconfigure\2.5.2\spring-boot-autoconfigure-2.5.2.jar;D:\.dev\.mvnrepo\org\springframework\boot\spring-boot-starter-logging\2.5.2\spring-boot-starter-logging-2.5.2.jar;D:\.dev\.mvnrepo\ch\qos\logback\logback-classic\1.2.3\logback-classic-1.2.3.jar;D:\.dev\.mvnrepo\ch\qos\logback\logback-core\1.2.3\logback-core-1.2.3.jar;D:\.dev\.mvnrepo\org\apache\logging\log4j\log4j-to-slf4j\2.14.1\log4j-to-slf4j-2.14.1.jar;D:\.dev\.mvnrepo\org\apache\logging\log4j\log4j-api\2.14.1\log4j-api-2.14.1.jar;D:\.dev\.mvnrepo\org\slf4j\jul-to-slf4j\1.7.31\jul-to-slf4j-1.7.31.jar;D:\.dev\.mvnrepo\jakarta\annotation\jakarta.annotation-api\1.3.5\jakarta.annotation-api-1.3.5.jar;D:\.dev\.mvnrepo\org\yaml\snakeyaml\1.28\snakeyaml-1.28.jar;D:\.dev\.mvnrepo\org\springframework\boot\spring-boot-starter-json\2.5.2\spring-boot-starter-json-2.5.2.jar;D:\.dev\.mvnrepo\com\fasterxml\jackson\core\jackson-databind\2.12.3\jackson-databind-2.12.3.jar;D:\.dev\.mvnrepo\com\fasterxml\jackson\core\jackson-annotations\2.12.3\jackson-annotations-2.12.3.jar;D:\.dev\.mvnrepo\com\fasterxml\jackson\core\jackson-core\2.12.3\jackson-core-2.12.3.jar;D:\.dev\.mvnrepo\com\fasterxml\jackson\datatype\jackson-datatype-jdk8\2.12.3\jackson-datatype-jdk8-2.12.3.jar;D:\.dev\.mvnrepo\com\fasterxml\jackson\datatype\jackson-datatype-jsr310\2.12.3\jackson-datatype-jsr310-2.12.3.jar;D:\.dev\.mvnrepo\com\fasterxml\jackson\module\jackson-module-parameter-names\2.12.3\jackson-module-parameter-names-2.12.3.jar;D:\.dev\.mvnrepo\org\springframework\boot\spring-boot-starter-tomcat\2.5.2\spring-boot-starter-tomcat-2.5.2.jar;D:\.dev\.mvnrepo\org\apache\tomcat\embed\tomcat-embed-core\9.0.48\tomcat-embed-core-9.0.48.jar;D:\.dev\.mvnrepo\org\apache\tomcat\embed\tomcat-embed-el\9.0.48\tomcat-embed-el-9.0.48.jar;D:\.dev\.mvnrepo\org\apache\tomcat\embed\tomcat-embed-websocket\9.0.48\tomcat-embed-websocket-9.0.48.jar;D:\.dev\.mvnrepo\org\springframework\spring-web\5.3.8\spring-web-5.3.8.jar;D:\.dev\.mvnrepo\org\springframework\spring-beans\5.3.8\spring-beans-5.3.8.jar;D:\.dev\.mvnrepo\org\springframework\spring-webmvc\5.3.8\spring-webmvc-5.3.8.jar;D:\.dev\.mvnrepo\org\springframework\spring-aop\5.3.8\spring-aop-5.3.8.jar;D:\.dev\.mvnrepo\org\springframework\spring-context\5.3.8\spring-context-5.3.8.jar;D:\.dev\.mvnrepo\org\springframework\spring-expression\5.3.8\spring-expression-5.3.8.jar;D:\.dev\.mvnrepo\org\projectlombok\lombok\1.18.20\lombok-1.18.20.jar;D:\.dev\.mvnrepo\org\springframework\boot\spring-boot-starter-test\2.5.2\spring-boot-starter-test-2.5.2.jar;D:\.dev\.mvnrepo\org\springframework\boot\spring-boot-test\2.5.2\spring-boot-test-2.5.2.jar;D:\.dev\.mvnrepo\org\springframework\boot\spring-boot-test-autoconfigure\2.5.2\spring-boot-test-autoconfigure-2.5.2.jar;D:\.dev\.mvnrepo\com\jayway\jsonpath\json-path\2.5.0\json-path-2.5.0.jar;D:\.dev\.mvnrepo\net\minidev\json-smart\2.4.7\json-smart-2.4.7.jar;D:\.dev\.mvnrepo\net\minidev\accessors-smart\2.4.7\accessors-smart-2.4.7.jar;D:\.dev\.mvnrepo\org\ow2\asm\asm\9.1\asm-9.1.jar;D:\.dev\.mvnrepo\org\slf4j\slf4j-api\1.7.31\slf4j-api-1.7.31.jar;D:\.dev\.mvnrepo\jakarta\xml\bind\jakarta.xml.bind-api\2.3.3\jakarta.xml.bind-api-2.3.3.jar;D:\.dev\.mvnrepo\jakarta\activation\jakarta.activation-api\1.2.2\jakarta.activation-api-1.2.2.jar;D:\.dev\.mvnrepo\org\assertj\assertj-core\3.19.0\assertj-core-3.19.0.jar;D:\.dev\.mvnrepo\org\hamcrest\hamcrest\2.2\hamcrest-2.2.jar;D:\.dev\.mvnrepo\org\junit\jupiter\junit-jupiter\5.7.2\junit-jupiter-5.7.2.jar;D:\.dev\.mvnrepo\org\junit\jupiter\junit-jupiter-api\5.7.2\junit-jupiter-api-5.7.2.jar;D:\.dev\.mvnrepo\org\apiguardian\apiguardian-api\1.1.0\apiguardian-api-1.1.0.jar;D:\.dev\.mvnrepo\org\opentest4j\opentest4j\1.2.0\opentest4j-1.2.0.jar;D:\.dev\.mvnrepo\org\junit\platform\junit-platform-commons\1.7.2\junit-platform-commons-1.7.2.jar;D:\.dev\.mvnrepo\org\junit\jupiter\junit-jupiter-params\5.7.2\junit-jupiter-params-5.7.2.jar;D:\.dev\.mvnrepo\org\junit\jupiter\junit-jupiter-engine\5.7.2\junit-jupiter-engine-5.7.2.jar;D:\.dev\.mvnrepo\org\junit\platform\junit-platform-engine\1.7.2\junit-platform-engine-1.7.2.jar;D:\.dev\.mvnrepo\org\mockito\mockito-core\3.9.0\mockito-core-3.9.0.jar;D:\.dev\.mvnrepo\net\bytebuddy\byte-buddy\1.10.22\byte-buddy-1.10.22.jar;D:\.dev\.mvnrepo\net\bytebuddy\byte-buddy-agent\1.10.22\byte-buddy-agent-1.10.22.jar;D:\.dev\.mvnrepo\org\objenesis\objenesis\3.2\objenesis-3.2.jar;D:\.dev\.mvnrepo\org\mockito\mockito-junit-jupiter\3.9.0\mockito-junit-jupiter-3.9.0.jar;D:\.dev\.mvnrepo\org\skyscreamer\jsonassert\1.5.0\jsonassert-1.5.0.jar;D:\.dev\.mvnrepo\com\vaadin\external\google\android-json\0.0.20131108.vaadin1\android-json-0.0.20131108.vaadin1.jar;D:\.dev\.mvnrepo\org\springframework\spring-core\5.3.8\spring-core-5.3.8.jar;D:\.dev\.mvnrepo\org\springframework\spring-jcl\5.3.8\spring-jcl-5.3.8.jar;D:\.dev\.mvnrepo\org\springframework\spring-test\5.3.8\spring-test-5.3.8.jar;D:\.dev\.mvnrepo\org\xmlunit\xmlunit-core\2.8.2\xmlunit-core-2.8.2.jar;"/>
    <property name="sun.cpu.endian" value="little"/>
    <property name="user.home" value="C:\Users\lenovo"/>
    <property name="user.language" value="zh"/>
    <property name="java.specification.vendor" value="Oracle Corporation"/>
    <property name="java.home" value="D:\.dev\jdk8.0.292\jre"/>
    <property name="basedir" value="D:\.projectspace\.nepxionCloud\GithubActionSimple"/>
    <property name="file.separator" value="\"/>
    <property name="line.separator" value="&#10;"/>
    <property name="jdk.vendor.version" value="Zulu 8.54.0.21-CA-win64"/>
    <property name="java.vm.specification.vendor" value="Oracle Corporation"/>
    <property name="java.specification.name" value="Java Platform API Specification"/>
    <property name="java.awt.graphicsenv" value="sun.awt.Win32GraphicsEnvironment"/>
    <property name="surefire.real.class.path" value="C:\Users\lenovo\AppData\Local\Temp\surefire8768722376005242678\surefirebooter9200836565867475556.jar"/>
    <property name="sun.boot.class.path" value="D:\.dev\jdk8.0.292\jre\lib\resources.jar;D:\.dev\jdk8.0.292\jre\lib\rt.jar;D:\.dev\jdk8.0.292\jre\lib\sunrsasign.jar;D:\.dev\jdk8.0.292\jre\lib\jsse.jar;D:\.dev\jdk8.0.292\jre\lib\jce.jar;D:\.dev\jdk8.0.292\jre\lib\charsets.jar;D:\.dev\jdk8.0.292\jre\lib\jfr.jar;D:\.dev\jdk8.0.292\jre\classes"/>
    <property name="user.script" value=""/>
    <property name="sun.management.compiler" value="HotSpot 64-Bit Tiered Compilers"/>
    <property name="java.runtime.version" value="1.8.0_292-b10"/>
    <property name="user.name" value="lenovo"/>
    <property name="path.separator" value=";"/>
    <property name="os.version" value="10.0"/>
    <property name="java.endorsed.dirs" value="D:\.dev\jdk8.0.292\jre\lib\endorsed"/>
    <property name="java.runtime.name" value="OpenJDK Runtime Environment"/>
    <property name="file.encoding" value="GBK"/>
    <property name="java.vm.name" value="OpenJDK 64-Bit Server VM"/>
    <property name="localRepository" value="D:\.dev\.mvnrepo"/>
    <property name="java.vendor.url.bug" value="http://www.azulsystems.com/support/"/>
    <property name="java.io.tmpdir" value="C:\Users\lenovo\AppData\Local\Temp\"/>
    <property name="idea.version" value="2021.1"/>
    <property name="java.version" value="1.8.0_292"/>
    <property name="user.dir" value="D:\.projectspace\.nepxionCloud\GithubActionSimple"/>
    <property name="os.arch" value="amd64"/>
    <property name="java.vm.specification.name" value="Java Virtual Machine Specification"/>
    <property name="java.awt.printerjob" value="sun.awt.windows.WPrinterJob"/>
    <property name="sun.os.patch.level" value=""/>
    <property name="java.library.path" value="D:\.dev\jdk8.0.292\jre\bin;C:\Windows\Sun\Java\bin;C:\Windows\system32;C:\Windows;C:\Program Files (x86)\VMware\VMware Workstation\bin\;C:\Windows\system32;C:\Windows;C:\Windows\System32\Wbem;C:\Windows\System32\WindowsPowerShell\v1.0\;C:\Windows\System32\OpenSSH\;C:\Program Files (x86)\NVIDIA Corporation\PhysX\Common;C:\Program Files\NVIDIA Corporation\NVIDIA NvDLISR;D:\soft\Git\cmd;D:\.dev\jdk8.0.292\bin;D:\.dev\apache-maven-3.8.1-bin\apache-maven-3.8.1\bin;D:\.dev\apache-maven-3.8.1-bin\apache-maven-3.8.1\bin;D:\.dev\mysql-5.7.33-winx64\bin;D:\Program Files\TortoiseGit\bin;C:\Users\lenovo\AppData\Local\Microsoft\WindowsApps;C:\Program Files\Bandizip\;D:\Program Files (x86)\bandizip\;."/>
    <property name="java.vm.info" value="mixed mode"/>
    <property name="java.vendor" value="Azul Systems, Inc."/>
    <property name="java.vm.version" value="25.292-b10"/>
    <property name="java.ext.dirs" value="D:\.dev\jdk8.0.292\jre\lib\ext;C:\Windows\Sun\Java\lib\ext"/>
    <property name="sun.io.unicode.encoding" value="UnicodeLittle"/>
    <property name="java.class.version" value="52.0"/>
  </properties>
  <testcase name="contextLoads" classname="com.example.GithubActionGuideApplicationTests" time="0.144"/>
</testsuite>